This is pdfTeX, Version 3.14159265-2.6-1.40.18 (TeX Live 2017/Debian) (preloaded format=pdflatex 2019.4.15)  30 APR 2019 15:11
entering extended mode
 restricted \write18 enabled.
 %&-line parsing enabled.
**AllegThesis.tex
(./AllegThesis.tex
LaTeX2e <2017-04-15>
Babel <3.18> and hyphenation patterns for 84 language(s) loaded.
(/usr/share/texlive/texmf-dist/tex/latex/base/report.cls
Document Class: report 2014/09/29 v1.4h Standard LaTeX document class
(/usr/share/texlive/texmf-dist/tex/latex/base/size12.clo
File: size12.clo 2014/09/29 v1.4h Standard LaTeX file (size option)
)
\c@part=\count79
\c@chapter=\count80
\c@section=\count81
\c@subsection=\count82
\c@subsubsection=\count83
\c@paragraph=\count84
\c@subparagraph=\count85
\c@figure=\count86
\c@table=\count87
\abovecaptionskip=\skip41
\belowcaptionskip=\skip42
\bibindent=\dimen102
) (./gatorthesis.sty
Package: gatorthesis 1997/11/25

Allegheny Thesis Style, $Revision: 1.0 $, by Andrew Thall (athall@allegheny.edu
)
(/usr/share/texlive/texmf-dist/tex/latex/base/ifthen.sty
Package: ifthen 2014/09/29 v1.1c Standard LaTeX ifthen package (DPC)
) (./doublespace.sty)
(/usr/share/texlive/texmf-dist/tex/latex/comment/comment.sty
\CommentStream=\write3

Excluding comment 'comment')
\gator@hour=\count88
\gator@minute=\count89
\@shortcaptionsize=\skip43

Margins (in inches):
\gator@tmp=\count90
\gator@inches=\count91
\gator@hundredths=\count92
 textheight = 8.81
 topmargin = 0.0-50
 headheight = 0.14
 headsep = 0.50
 voffset = 0.00
 footskip = 0.57
 textwidth = 6.02
 oddsidemargin = 0.50
 evensidemargin = 0.50
 hoffset = 0.00
 marginparwidth = 0.36
 marginparsep = 0.13
) (/usr/share/texlive/texmf-dist/tex/latex/amsmath/amsmath.sty
Package: amsmath 2017/09/02 v2.17a AMS math features
\@mathmargin=\skip44

For additional information on amsmath, use the `?' option.
(/usr/share/texlive/texmf-dist/tex/latex/amsmath/amstext.sty
Package: amstext 2000/06/29 v2.01 AMS text

(/usr/share/texlive/texmf-dist/tex/latex/amsmath/amsgen.sty
File: amsgen.sty 1999/11/30 v2.0 generic functions
\@emptytoks=\toks14
\ex@=\dimen103
))
(/usr/share/texlive/texmf-dist/tex/latex/amsmath/amsbsy.sty
Package: amsbsy 1999/11/29 v1.2d Bold Symbols
\pmbraise@=\dimen104
)
(/usr/share/texlive/texmf-dist/tex/latex/amsmath/amsopn.sty
Package: amsopn 2016/03/08 v2.02 operator names
)
\inf@bad=\count93
LaTeX Info: Redefining \frac on input line 213.
\uproot@=\count94
\leftroot@=\count95
LaTeX Info: Redefining \overline on input line 375.
\classnum@=\count96
\DOTSCASE@=\count97
LaTeX Info: Redefining \ldots on input line 472.
LaTeX Info: Redefining \dots on input line 475.
LaTeX Info: Redefining \cdots on input line 596.
\Mathstrutbox@=\box26
\strutbox@=\box27
\big@size=\dimen105
LaTeX Font Info:    Redeclaring font encoding OML on input line 712.
LaTeX Font Info:    Redeclaring font encoding OMS on input line 713.
\macc@depth=\count98
\c@MaxMatrixCols=\count99
\dotsspace@=\muskip10
\c@parentequation=\count100
\dspbrk@lvl=\count101
\tag@help=\toks15
\row@=\count102
\column@=\count103
\maxfields@=\count104
\andhelp@=\toks16
\eqnshift@=\dimen106
\alignsep@=\dimen107
\tagshift@=\dimen108
\tagwidth@=\dimen109
\totwidth@=\dimen110
\lineht@=\dimen111
\@envbody=\toks17
\multlinegap=\skip45
\multlinetaggap=\skip46
\mathdisplay@stack=\toks18
LaTeX Info: Redefining \[ on input line 2817.
LaTeX Info: Redefining \] on input line 2818.
)
(/usr/share/texlive/texmf-dist/tex/latex/amsfonts/amssymb.sty
Package: amssymb 2013/01/14 v3.01 AMS font symbols

(/usr/share/texlive/texmf-dist/tex/latex/amsfonts/amsfonts.sty
Package: amsfonts 2013/01/14 v3.01 Basic AMSFonts support
\symAMSa=\mathgroup4
\symAMSb=\mathgroup5
LaTeX Font Info:    Overwriting math alphabet `\mathfrak' in version `bold'
(Font)                  U/euf/m/n --> U/euf/b/n on input line 106.
))
(/usr/share/texlive/texmf-dist/tex/latex/graphics/epsfig.sty
Package: epsfig 2017/06/25 v1.7b (e)psfig emulation (SPQR)

(/usr/share/texlive/texmf-dist/tex/latex/graphics/graphicx.sty
Package: graphicx 2017/06/01 v1.1a Enhanced LaTeX Graphics (DPC,SPQR)

(/usr/share/texlive/texmf-dist/tex/latex/graphics/keyval.sty
Package: keyval 2014/10/28 v1.15 key=value parser (DPC)
\KV@toks@=\toks19
)
(/usr/share/texlive/texmf-dist/tex/latex/graphics/graphics.sty
Package: graphics 2017/06/25 v1.2c Standard LaTeX Graphics (DPC,SPQR)

(/usr/share/texlive/texmf-dist/tex/latex/graphics/trig.sty
Package: trig 2016/01/03 v1.10 sin cos tan (DPC)
)
(/usr/share/texlive/texmf-dist/tex/latex/graphics-cfg/graphics.cfg
File: graphics.cfg 2016/06/04 v1.11 sample graphics configuration
)
Package graphics Info: Driver file: pdftex.def on input line 99.

(/usr/share/texlive/texmf-dist/tex/latex/graphics-def/pdftex.def
File: pdftex.def 2018/01/08 v1.0l Graphics/color driver for pdftex
))
\Gin@req@height=\dimen112
\Gin@req@width=\dimen113
)
\epsfxsize=\dimen114
\epsfysize=\dimen115
)
(/usr/share/texlive/texmf-dist/tex/latex/url/url.sty
\Urlmuskip=\muskip11
Package: url 2013/09/16  ver 3.4  Verb mode for urls, etc.
)
(/usr/share/texlive/texmf-dist/tex/latex/listings/listings.sty
\lst@mode=\count105
\lst@gtempboxa=\box28
\lst@token=\toks20
\lst@length=\count106
\lst@currlwidth=\dimen116
\lst@column=\count107
\lst@pos=\count108
\lst@lostspace=\dimen117
\lst@width=\dimen118
\lst@newlines=\count109
\lst@lineno=\count110
\lst@maxwidth=\dimen119

(/usr/share/texlive/texmf-dist/tex/latex/listings/lstmisc.sty
File: lstmisc.sty 2015/06/04 1.6 (Carsten Heinz)
\c@lstnumber=\count111
\lst@skipnumbers=\count112
\lst@framebox=\box29
)
(/usr/share/texlive/texmf-dist/tex/latex/listings/listings.cfg
File: listings.cfg 2015/06/04 1.6 listings configuration
))
Package: listings 2015/06/04 1.6 (Carsten Heinz)

(/usr/share/texlive/texmf-dist/tex/latex/algorithm2e/algorithm2e.sty
Package: algorithm2e 2017/07/18 v5.2 algorithms environments
\c@AlgoLine=\count113
\algocf@hangindent=\skip47

(/usr/share/texlive/texmf-dist/tex/latex/ifoddpage/ifoddpage.sty
Package: ifoddpage 2016/04/23 v1.1 Conditionals for odd/even page detection
\c@checkoddpage=\count114
)
(/usr/share/texlive/texmf-dist/tex/latex/tools/xspace.sty
Package: xspace 2014/10/28 v1.13 Space after command names (DPC,MH)
LaTeX Info: Redefining \xspace on input line 44.
)
(/usr/share/texlive/texmf-dist/tex/latex/relsize/relsize.sty
Package: relsize 2013/03/29 ver 4.1
)
\skiptotal=\skip48
\skiplinenumber=\skip49
\skiprule=\skip50
\skiphlne=\skip51
\skiptext=\skip52
\skiplength=\skip53
\algomargin=\skip54
\skipalgocfslide=\skip55
\algowidth=\dimen120
\inoutsize=\dimen121
\inoutindent=\dimen122
\interspacetitleruled=\dimen123
\interspacealgoruled=\dimen124
\interspacetitleboxruled=\dimen125
\algocf@ruledwidth=\skip56
\algocf@inoutbox=\box30
\algocf@inputbox=\box31
\AlCapSkip=\skip57
\AlCapHSkip=\skip58
\algoskipindent=\skip59
\algocf@nlbox=\box32
\algocf@hangingbox=\box33
\algocf@untilbox=\box34
\algocf@skipuntil=\skip60
\algocf@capbox=\box35
\algocf@lcaptionbox=\skip61
\algoheightruledefault=\skip62
\algoheightrule=\skip63
\algotitleheightruledefault=\skip64
\algotitleheightrule=\skip65
\c@algocfline=\count115
\c@algocfproc=\count116
\c@algocf=\count117
\algocf@algoframe=\box36
\algocf@algobox=\box37
)
(./AllegThesis.aux (./abstract.aux) (./ack.aux) (./ch01_overview.aux)
(./ch02_music.aux) (./ch03_methodofapproach.aux) (./ch04_implementation.aux)
(./ch05_conclusion.aux) (./appa.aux) (./appb.aux

LaTeX Warning: Label `appa:srccode' multiply defined.

) (./appc.aux

LaTeX Warning: Label `appa:srccode' multiply defined.

) (./appd.aux))
\openout1 = `AllegThesis.aux'.

LaTeX Font Info:    Checking defaults for OML/cmm/m/it on input line 67.
LaTeX Font Info:    ... okay on input line 67.
LaTeX Font Info:    Checking defaults for T1/cmr/m/n on input line 67.
LaTeX Font Info:    ... okay on input line 67.
LaTeX Font Info:    Checking defaults for OT1/cmr/m/n on input line 67.
LaTeX Font Info:    ... okay on input line 67.
LaTeX Font Info:    Checking defaults for OMS/cmsy/m/n on input line 67.
LaTeX Font Info:    ... okay on input line 67.
LaTeX Font Info:    Checking defaults for OMX/cmex/m/n on input line 67.
LaTeX Font Info:    ... okay on input line 67.
LaTeX Font Info:    Checking defaults for U/cmr/m/n on input line 67.
LaTeX Font Info:    ... okay on input line 67.

(/usr/share/texlive/texmf-dist/tex/context/base/mkii/supp-pdf.mkii
[Loading MPS to PDF converter (version 2006.09.02).]
\scratchcounter=\count118
\scratchdimen=\dimen126
\scratchbox=\box38
\nofMPsegments=\count119
\nofMParguments=\count120
\everyMPshowfont=\toks21
\MPscratchCnt=\count121
\MPscratchDim=\dimen127
\MPnumerator=\count122
\makeMPintoPDFobject=\count123
\everyMPtoPDFconversion=\toks22
) (/usr/share/texlive/texmf-dist/tex/latex/oberdiek/epstopdf-base.sty
Package: epstopdf-base 2016/05/15 v2.6 Base part for package epstopdf

(/usr/share/texlive/texmf-dist/tex/generic/oberdiek/infwarerr.sty
Package: infwarerr 2016/05/16 v1.4 Providing info/warning/error messages (HO)
)
(/usr/share/texlive/texmf-dist/tex/latex/oberdiek/grfext.sty
Package: grfext 2016/05/16 v1.2 Manage graphics extensions (HO)

(/usr/share/texlive/texmf-dist/tex/generic/oberdiek/kvdefinekeys.sty
Package: kvdefinekeys 2016/05/16 v1.4 Define keys (HO)

(/usr/share/texlive/texmf-dist/tex/generic/oberdiek/ltxcmds.sty
Package: ltxcmds 2016/05/16 v1.23 LaTeX kernel commands for general use (HO)
)))
(/usr/share/texlive/texmf-dist/tex/latex/oberdiek/kvoptions.sty
Package: kvoptions 2016/05/16 v3.12 Key value format for package options (HO)

(/usr/share/texlive/texmf-dist/tex/generic/oberdiek/kvsetkeys.sty
Package: kvsetkeys 2016/05/16 v1.17 Key value parser (HO)

(/usr/share/texlive/texmf-dist/tex/generic/oberdiek/etexcmds.sty
Package: etexcmds 2016/05/16 v1.6 Avoid name clashes with e-TeX commands (HO)

(/usr/share/texlive/texmf-dist/tex/generic/oberdiek/ifluatex.sty
Package: ifluatex 2016/05/16 v1.4 Provides the ifluatex switch (HO)
Package ifluatex Info: LuaTeX not detected.
)
Package etexcmds Info: Could not find \expanded.
(etexcmds)             That can mean that you are not using pdfTeX 1.50 or
(etexcmds)             that some package has redefined \expanded.
(etexcmds)             In the latter case, load this package earlier.
)))
(/usr/share/texlive/texmf-dist/tex/generic/oberdiek/pdftexcmds.sty
Package: pdftexcmds 2018/01/21 v0.26 Utility functions of pdfTeX for LuaTeX (HO
)

(/usr/share/texlive/texmf-dist/tex/generic/oberdiek/ifpdf.sty
Package: ifpdf 2017/03/15 v3.2 Provides the ifpdf switch
)
Package pdftexcmds Info: LuaTeX not detected.
Package pdftexcmds Info: \pdf@primitive is available.
Package pdftexcmds Info: \pdf@ifprimitive is available.
Package pdftexcmds Info: \pdfdraftmode found.
)
Package epstopdf-base Info: Redefining graphics rule for `.eps' on input line 4
38.
Package grfext Info: Graphics extension search list:
(grfext)             [.pdf,.png,.jpg,.mps,.jpeg,.jbig2,.jb2,.PDF,.PNG,.JPG,.JPE
G,.JBIG2,.JB2,.eps]
(grfext)             \AppendGraphicsExtensions on input line 456.

(/usr/share/texlive/texmf-dist/tex/latex/latexconfig/epstopdf-sys.cfg
File: epstopdf-sys.cfg 2010/07/13 v1.3 Configuration of (r)epstopdf for TeX Liv
e
))
\c@lstlisting=\count124
LaTeX Font Info:    Try loading font information for U+msa on input line 95.

(/usr/share/texlive/texmf-dist/tex/latex/amsfonts/umsa.fd
File: umsa.fd 2013/01/14 v3.01 AMS symbols A
)
LaTeX Font Info:    Try loading font information for U+msb on input line 95.

(/usr/share/texlive/texmf-dist/tex/latex/amsfonts/umsb.fd
File: umsb.fd 2013/01/14 v3.01 AMS symbols B
) [1

{/var/lib/texmf/fonts/map/pdftex/updmap/pdftex.map}]
LaTeX Font Info:    Try loading font information for OMS+cmr on input line 96.

(/usr/share/texlive/texmf-dist/tex/latex/base/omscmr.fd
File: omscmr.fd 2014/09/29 v2.5h Standard LaTeX font definitions
)
LaTeX Font Info:    Font shape `OMS/cmr/m/n' in size <12> not available
(Font)              Font shape `OMS/cmsy/m/n' tried instead on input line 96.
 [2]
\openout2 = `abstract.aux'.

 (./abstract.tex
[3


])
\openout2 = `ack.aux'.

 (./ack.tex) [4




] (./AllegThesis.toc
LaTeX Font Info:    Font shape `OT1/cmtt/bx/n' in size <12> not available
(Font)              Font shape `OT1/cmtt/m/n' tried instead on input line 27.
 [5



])
\tf@toc=\write4
\openout4 = `AllegThesis.toc'.

 [6] (./AllegThesis.lof)
\tf@lof=\write5
\openout5 = `AllegThesis.lof'.


(/usr/share/texlive/texmf-dist/tex/latex/listings/lstlang1.sty
File: lstlang1.sty 2015/06/04 1.6 listings language file
) [7


]
\openout2 = `ch01_overview.aux'.


(./ch01_overview.tex
Chapter 1.
[1



]
<images/cluster-genres.png, id=33, 622.325pt x 490.83376pt>
File: images/cluster-genres.png Graphic file (type png)
<use images/cluster-genres.png>
Package pdftex.def Info: images/cluster-genres.png  used on input line 78.
(pdftex.def)             Requested size: 216.4496pt x 170.71652pt.
 [2 <./images/cluster-genres.png (PNG copy)>]
<images/matrix.png, id=37, 818.05624pt x 369.38pt>
File: images/matrix.png Graphic file (type png)
<use images/matrix.png>
Package pdftex.def Info: images/matrix.png  used on input line 89.
(pdftex.def)             Requested size: 378.08296pt x 170.71652pt.
 [3 <./images/matrix.png (PNG copy)>] [4]) [5]
\openout2 = `ch02_music.aux'.

 (./ch02_music.tex
Chapter 2.
[6




] [7]
<images/musicScape.png, id=54, 1029.8475pt x 557.08125pt>
File: images/musicScape.png Graphic file (type png)
<use images/musicScape.png>
Package pdftex.def Info: images/musicScape.png  used on input line 89.
(pdftex.def)             Requested size: 368.18341pt x 199.16928pt.
<images/souffle.png, id=56, 762.85pt x 760.8425pt>
File: images/souffle.png Graphic file (type png)
<use images/souffle.png>
Package pdftex.def Info: images/souffle.png  used on input line 97.
(pdftex.def)             Requested size: 199.68657pt x 199.16928pt.
 [8 <./images/musicScape.png> <./images/souffle.png>]) [9]
\openout2 = `ch03_methodofapproach.aux'.


(./ch03_methodofapproach.tex
Chapter 3.

Underfull \hbox (badness 10000) in paragraph at lines 14--18

 []


Underfull \hbox (badness 10000) in paragraph at lines 25--27

 []


Underfull \hbox (badness 10000) in paragraph at lines 40--42

 []


Underfull \hbox (badness 10000) in paragraph at lines 48--50

 []

[10




]
Underfull \hbox (badness 10000) in paragraph at lines 86--88

 []

[11] [12]) [13] [14]
\openout2 = `ch04_implementation.aux'.

 (./ch04_implementation.tex
Chapter 4.
(/usr/share/texlive/texmf-dist/tex/latex/listings/lstlang1.sty
File: lstlang1.sty 2015/06/04 1.6 listings language file
)
(/usr/share/texlive/texmf-dist/tex/latex/listings/lstlang1.sty
File: lstlang1.sty 2015/06/04 1.6 listings language file
)
Underfull \vbox (badness 1642) has occurred while \output is active []

 [15




]
[16]

LaTeX Warning: `h' float specifier changed to `ht'.


LaTeX Warning: `h' float specifier changed to `ht'.


LaTeX Warning: `h' float specifier changed to `ht'.

[17] [18]
<images/before.png, id=97, 1927.2pt x 1084.05pt>
File: images/before.png Graphic file (type png)
<use images/before.png>
Package pdftex.def Info: images/before.png  used on input line 226.
(pdftex.def)             Requested size: 404.63573pt x 227.62204pt.
<images/after.png, id=98, 1927.2pt x 1084.05pt>
File: images/after.png Graphic file (type png)
<use images/after.png>
Package pdftex.def Info: images/after.png  used on input line 237.
(pdftex.def)             Requested size: 404.63573pt x 227.62204pt.
 [19

 <./images/before.png>] [20 <./images/after.png>]) [21]
\openout2 = `ch05_conclusion.aux'.


(./ch05_conclusion.tex
Chapter 5.
[22




]
<images/trends.png, id=113, 972.63374pt x 565.11125pt>
File: images/trends.png Graphic file (type png)
<use images/trends.png>
Package pdftex.def Info: images/trends.png  used on input line 56.
(pdftex.def)             Requested size: 440.73842pt x 256.0748pt.

Overfull \hbox (7.11841pt too wide) in paragraph at lines 56--57
 [] 
 []

<images/length.png, id=114, 1066.98625pt x 739.76375pt>
File: images/length.png Graphic file (type png)
<use images/length.png>
Package pdftex.def Info: images/length.png  used on input line 70.
(pdftex.def)             Requested size: 369.348pt x 256.0748pt.

Underfull \vbox (badness 10000) has occurred while \output is active []

 [23 <./images/trends.png>]
<images/session.png, id=120, 1108.14pt x 366.36874pt>
File: images/session.png Graphic file (type png)
<use images/session.png>
Package pdftex.def Info: images/session.png  used on input line 77.
(pdftex.def)             Requested size: 430.29597pt x 142.26378pt.
) [24 <./images/length.png> <./images/session.png>] [25]
\openout2 = `appa.aux'.


(./appa.tex
Appendix A.
LaTeX Font Info:    Font shape `OT1/cmtt/bx/n' in size <24.88> not available
(Font)              Font shape `OT1/cmtt/m/n' tried instead on input line 7.
(./src/main.py)) [26




]
\openout2 = `appb.aux'.

 (./appb.tex
Appendix B.
(./src/recent.py [27




]
Underfull \vbox (badness 10000) has occurred while \output is active []

 [28]
Underfull \vbox (badness 10000) has occurred while \output is active []

 [29]
Underfull \vbox (badness 10000) has occurred while \output is active []

 [30]
Underfull \vbox (badness 10000) has occurred while \output is active []

 [31]))
[32]
\openout2 = `appc.aux'.

 (./appc.tex
Appendix C.
(./src/edit.py [33




]
Underfull \vbox (badness 10000) has occurred while \output is active []

 [34]
Underfull \vbox (badness 10000) has occurred while \output is active []

 [35]
Underfull \vbox (badness 10000) has occurred while \output is active []

 [36]
Underfull \vbox (badness 10000) has occurred while \output is active []

 [37]
Underfull \vbox (badness 10000) has occurred while \output is active []

 [38]
Underfull \vbox (badness 10000) has occurred while \output is active []

 [39]
Underfull \vbox (badness 10000) has occurred while \output is active []

 [40]))
[41]
\openout2 = `appd.aux'.

 (./appd.tex
Appendix D.
LaTeX Font Info:    Font shape `OT1/cmtt/bx/n' in size <17.28> not available
(Font)              Font shape `OT1/cmtt/m/n' tried instead on input line 14.
(./src/templates/index.html)
Underfull \vbox (badness 10000) has occurred while \output is active []

 [42




]
(./src/templates/runRecentlyAdded.html)
Underfull \vbox (badness 10000) has occurred while \output is active []

 [43]
(./src/templates/running.html) (./src/templates/success.html)) [44]
(./AllegThesis.bbl
Underfull \hbox (badness 10000) in paragraph at lines 9--13
[]\OT1/cmr/m/n/12 Music In-dus-try Blog.  Mid-year 2018 stream-ing mar-ket
 []


Underfull \hbox (badness 10000) in paragraph at lines 9--13
\OT1/cmr/m/n/12 shares.  $\OT1/cmtt/m/n/12 https : / / musicindustryblog . word
press . com / 2018 / 09 / 13 /
 []


Underfull \hbox (badness 10000) in paragraph at lines 21--25
[]\OT1/cmr/m/n/12 Sophia Ciocca.  How does spo-tify know you
 []


Underfull \hbox (badness 10000) in paragraph at lines 21--25
\OT1/cmr/m/n/12 so well?, 2017.  $\OT1/cmtt/m/n/12 https : / / medium . com / s
 / story /
 []


Overfull \hbox (86.62161pt too wide) in paragraph at lines 21--25
\OT1/cmtt/m/n/12 spotifys-[]discover-[]weekly-[]how-[]machine-[]learning-[]find
s-[]your-[]new-[]music-[]19a41ab76efe$\OT1/cmr/m/n/12 . 
 []


Underfull \hbox (badness 1237) in paragraph at lines 48--51
[]\OT1/cmr/m/n/12 Zach Ham-mer.  Playlist souf-fle, 2018.  $\OT1/cmtt/m/n/12 ht
tps : / / playlistsouffle . com /
 []

Missing character: There is no â in font cmr12!
Missing character: There is no € in font cmr12!
Missing character: There is no ” in font cmr12!
Missing character: There is no â in font cmr12!
Missing character: There is no € in font cmr12!
Missing character: There is no ™ in font cmr12!

Underfull \hbox (badness 3386) in paragraph at lines 53--58
[]\OT1/cmr/m/n/12 Alex Heath.  Spo-tify is get-ting un-be-liev-ably good at pic
k-ing mu-sic
 []


Underfull \hbox (badness 10000) in paragraph at lines 60--64
[]\OT1/cmr/m/n/12 Raymond Het-tinger.  Ran-dom sam-ples with-out re-place-ment
 []


Underfull \hbox (badness 10000) in paragraph at lines 60--64
\OT1/cmr/m/n/12 (python recipe), 2004.  $\OT1/cmtt/m/n/12 http : / / code . act
ivestate . com / recipes /
 []


Underfull \hbox (badness 10000) in paragraph at lines 66--70
[]\OT1/cmr/m/n/12 Chris John-son.  From idea to ex-e-cu-tion: Spo-tify's dis-co
ver
 []


Underfull \hbox (badness 10000) in paragraph at lines 66--70
\OT1/cmr/m/n/12 weekly, 2015.  $\OT1/cmtt/m/n/12 https : / / www . slideshare .
 net / MrChrisJohnson /
 []

[45



]
Underfull \hbox (badness 1831) in paragraph at lines 120--123
[]\OT1/cmr/m/n/12 Spotify.  Web play-back sdk, 2018.  $\OT1/cmtt/m/n/12 https :
 / / developer . spotify . com /
 []

)
THEPAGE 46
[46] (./AllegThesis.aux (./abstract.aux) (./ack.aux) (./ch01_overview.aux)
(./ch02_music.aux) (./ch03_methodofapproach.aux) (./ch04_implementation.aux)
(./ch05_conclusion.aux) (./appa.aux) (./appb.aux) (./appc.aux) (./appd.aux))

LaTeX Warning: There were multiply-defined labels.

 ) 
Here is how much of TeX's memory you used:
 5692 strings out of 492982
 79488 string characters out of 6134896
 445364 words of memory out of 5000000
 9051 multiletter control sequences out of 15000+600000
 11302 words of font info for 44 fonts, out of 8000000 for 9000
 1144 hyphenation exceptions out of 8191
 41i,6n,49p,313b,1531s stack positions out of 5000i,500n,10000p,200000b,80000s
</usr/share/texlive/texmf-dist/fonts/type1/public/amsfonts/cm/cmbx10.pfb></us
r/share/texlive/texmf-dist/fonts/type1/public/amsfonts/cm/cmbx12.pfb></usr/shar
e/texlive/texmf-dist/fonts/type1/public/amsfonts/cm/cmitt10.pfb></usr/share/tex
live/texmf-dist/fonts/type1/public/amsfonts/cm/cmmi12.pfb></usr/share/texlive/t
exmf-dist/fonts/type1/public/amsfonts/cm/cmr12.pfb></usr/share/texlive/texmf-di
st/fonts/type1/public/amsfonts/cm/cmsy10.pfb></usr/share/texlive/texmf-dist/fon
ts/type1/public/amsfonts/cm/cmti12.pfb></usr/share/texlive/texmf-dist/fonts/typ
e1/public/amsfonts/cm/cmtt10.pfb></usr/share/texlive/texmf-dist/fonts/type1/pub
lic/amsfonts/cm/cmtt12.pfb>
Output written on AllegThesis.pdf (53 pages, 1053237 bytes).
PDF statistics:
 229 PDF objects out of 1000 (max. 8388607)
 147 compressed objects within 2 object streams
 0 named destinations out of 1000 (max. 500000)
 46 words of extra memory for PDF output out of 10000 (max. 10000000)

